<?xml version="1.0" encoding="UTF-8"?>
<!-- Generated by org.testng.reporters.JUnitReportReporter -->
<testsuite hostname="WECARE" name="com.InternetBanking_V1.testCases.TC_WithdrawAmountTest_008" tests="1" failures="0" timestamp="17 Sep 2020 17:22:11 GMT" time="14.330" errors="0">
  <testcase name="withdrawAmountwithValidId" time="14.330" classname="com.InternetBanking_V1.testCases.TC_WithdrawAmountTest_008"/>
</testsuite> <!-- com.InternetBanking_V1.testCases.TC_WithdrawAmountTest_008 -->
