<?xml version="1.0" encoding="UTF-8"?>
<!-- Generated by org.testng.reporters.JUnitReportReporter -->
<testsuite hostname="WECARE" name="com.InternetBanking_V1.testCases.TC_EditAccountTest_001" tests="1" failures="0" timestamp="15 Sep 2020 20:07:45 GMT" time="7.445" errors="0">
  <testcase name="editAccountTest" time="7.445" classname="com.InternetBanking_V1.testCases.TC_EditAccountTest_001"/>
</testsuite> <!-- com.InternetBanking_V1.testCases.TC_EditAccountTest_001 -->
