<?xml version="1.0" encoding="UTF-8"?>
<!-- Generated by org.testng.reporters.JUnitReportReporter -->
<testsuite hostname="WECARE" name="com.InternetBanking_V1.testCases.TC_AddCustomerTest_001" tests="1" failures="0" timestamp="13 Sep 2020 20:25:27 GMT" time="22.073" errors="0">
  <testcase name="addCustomerTest" time="22.073" classname="com.InternetBanking_V1.testCases.TC_AddCustomerTest_001"/>
</testsuite> <!-- com.InternetBanking_V1.testCases.TC_AddCustomerTest_001 -->
