<?xml version="1.0" encoding="UTF-8"?>
<!-- Generated by org.testng.reporters.JUnitReportReporter -->
<testsuite hostname="WECARE" name="com.InternetBanking_V1.testCases.TC_DepositAmountTest_001" tests="2" failures="0" timestamp="16 Sep 2020 08:06:36 GMT" time="8.901" errors="0">
  <testcase name="depositAmountTestwithWrongID" time="4.060" classname="com.InternetBanking_V1.testCases.TC_DepositAmountTest_001"/>
  <testcase name="depositAmountTest" time="4.841" classname="com.InternetBanking_V1.testCases.TC_DepositAmountTest_001"/>
</testsuite> <!-- com.InternetBanking_V1.testCases.TC_DepositAmountTest_001 -->
