<?xml version="1.0" encoding="UTF-8"?>
<!-- Generated by org.testng.reporters.JUnitReportReporter -->
<testsuite hostname="WECARE" name="com.InternetBanking_V1.testCases.TC_AddNewAccountTest_001" tests="1" failures="0" timestamp="15 Sep 2020 19:30:59 GMT" time="9.830" errors="0">
  <testcase name="addNewAccountTest" time="9.830" classname="com.InternetBanking_V1.testCases.TC_AddNewAccountTest_001"/>
</testsuite> <!-- com.InternetBanking_V1.testCases.TC_AddNewAccountTest_001 -->
