<?xml version="1.0" encoding="UTF-8"?>
<!-- Generated by org.testng.reporters.JUnitReportReporter -->
<testsuite hostname="WECARE" failures="0" tests="1" name="com.InternetBanking_V1.testCases.TC_DeleteCustomerTest_001" time="30.343" errors="0" timestamp="2020-09-14T21:49:36 IST" skipped="0">
  <testcase classname="com.InternetBanking_V1.testCases.TC_DeleteCustomerTest_001" name="deleteCustomerTest" time="30.343"/>
  <system-out/>
</testsuite> <!-- com.InternetBanking_V1.testCases.TC_DeleteCustomerTest_001 -->
